# JRE version: Java(TM) SE Runtime Environment (24.0.1+9) (build 24.0.1+9-30)
# Java VM: Java HotSpot(TM) 64-Bit Server VM (24.0.1+9-30, mixed mode, emulated-client, sharing, tiered, compressed oops, compressed class ptrs, g1 gc, windows-amd64)
GC Precious Log:
 CardTable entry size: 512
 Card Set container configuration: InlinePtr #cards 5 size 8 Array Of Cards #cards 10 size 36 Howl #buckets 4 coarsen threshold 1843 Howl Bitmap #cards 512 size 80 coarsen threshold 460 Card regions per heap region 1 cards per card region 2048
 CPUs: 16 total, 16 available
 Memory: 7416M
 Large Page Support: Disabled
 NUMA Support: Disabled
 Compressed Oops: Enabled (32-bit)
 Heap Region Size: 1M
 Heap Min Capacity: 8M
 Heap Initial Capacity: 116M
 Heap Max Capacity: 1856M
 Pre-touch: Disabled
 Parallel Workers: 13
 Concurrent Workers: 3
 Concurrent Refinement Workers: 13
 Periodic GC: Disabled
Heap:
 garbage-first heap   total reserved 1900544K, committed 73728K, used 57924K [0x000000008c000000, 0x0000000100000000)
  region size 1024K, 36 young (36864K), 1 survivors (1024K)
 Metaspace       used 41029K, committed 41728K, reserved 1114112K
  class space    used 4915K, committed 5184K, reserved 1048576K
GC Heap History (20 events):
Event: 3924.029 GC heap after
{Heap after GC invocations=197 (full 38):
 garbage-first heap   total reserved 1900544K, committed 73728K, used 23063K [0x000000008c000000, 0x0000000100000000)
  region size 1024K, 1 young (1024K), 1 survivors (1024K)
 Metaspace       used 41026K, committed 41728K, reserved 1114112K
  class space    used 4914K, committed 5184K, reserved 1048576K
}
Event: 3961.538 GC heap before
{Heap before GC invocations=197 (full 38):
 garbage-first heap   total reserved 1900544K, committed 73728K, used 62999K [0x000000008c000000, 0x0000000100000000)
  region size 1024K, 40 young (40960K), 1 survivors (1024K)
 Metaspace       used 41026K, committed 41728K, reserved 1114112K
  class space    used 4914K, committed 5184K, reserved 1048576K
}
Event: 3961.544 GC heap after
{Heap after GC invocations=198 (full 38):
 garbage-first heap   total reserved 1900544K, committed 73728K, used 23111K [0x000000008c000000, 0x0000000100000000)
  region size 1024K, 1 young (1024K), 1 survivors (1024K)
 Metaspace       used 41026K, committed 41728K, reserved 1114112K
  class space    used 4914K, committed 5184K, reserved 1048576K
}
Event: 3999.340 GC heap before
{Heap before GC invocations=198 (full 38):
 garbage-first heap   total reserved 1900544K, committed 73728K, used 63047K [0x000000008c000000, 0x0000000100000000)
  region size 1024K, 40 young (40960K), 1 survivors (1024K)
 Metaspace       used 41026K, committed 41728K, reserved 1114112K
  class space    used 4914K, committed 5184K, reserved 1048576K
}
Event: 3999.349 GC heap after
{Heap after GC invocations=199 (full 38):
 garbage-first heap   total reserved 1900544K, committed 73728K, used 23116K [0x000000008c000000, 0x0000000100000000)
  region size 1024K, 1 young (1024K), 1 survivors (1024K)
 Metaspace       used 41026K, committed 41728K, reserved 1114112K
  class space    used 4914K, committed 5184K, reserved 1048576K
}
Event: 4037.443 GC heap before
{Heap before GC invocations=199 (full 38):
 garbage-first heap   total reserved 1900544K, committed 73728K, used 63052K [0x000000008c000000, 0x0000000100000000)
  region size 1024K, 40 young (40960K), 1 survivors (1024K)
 Metaspace       used 41026K, committed 41728K, reserved 1114112K
  class space    used 4914K, committed 5184K, reserved 1048576K
}
Event: 4037.445 GC heap after
{Heap after GC invocations=200 (full 38):
 garbage-first heap   total reserved 1900544K, committed 73728K, used 22998K [0x000000008c000000, 0x0000000100000000)
  region size 1024K, 1 young (1024K), 1 survivors (1024K)
 Metaspace       used 41026K, committed 41728K, reserved 1114112K
  class space    used 4914K, committed 5184K, reserved 1048576K
}
Event: 4075.803 GC heap before
{Heap before GC invocations=200 (full 38):
 garbage-first heap   total reserved 1900544K, committed 73728K, used 62934K [0x000000008c000000, 0x0000000100000000)
  region size 1024K, 40 young (40960K), 1 survivors (1024K)
 Metaspace       used 41026K, committed 41728K, reserved 1114112K
  class space    used 4914K, committed 5184K, reserved 1048576K
}
Event: 4075.845 GC heap after
{Heap after GC invocations=201 (full 38):
 garbage-first heap   total reserved 1900544K, committed 73728K, used 23178K [0x000000008c000000, 0x0000000100000000)
  region size 1024K, 1 young (1024K), 1 survivors (1024K)
 Metaspace       used 41026K, committed 41728K, reserved 1114112K
  class space    used 4914K, committed 5184K, reserved 1048576K
}
Event: 4114.687 GC heap before
{Heap before GC invocations=201 (full 38):
 garbage-first heap   total reserved 1900544K, committed 73728K, used 63114K [0x000000008c000000, 0x0000000100000000)
  region size 1024K, 40 young (40960K), 1 survivors (1024K)
 Metaspace       used 41026K, committed 41728K, reserved 1114112K
  class space    used 4914K, committed 5184K, reserved 1048576K
}
Event: 4114.858 GC heap after
{Heap after GC invocations=202 (full 38):
 garbage-first heap   total reserved 1900544K, committed 73728K, used 23107K [0x000000008c000000, 0x0000000100000000)
  region size 1024K, 1 young (1024K), 1 survivors (1024K)
 Metaspace       used 41026K, committed 41728K, reserved 1114112K
  class space    used 4914K, committed 5184K, reserved 1048576K
}
Event: 4153.582 GC heap before
{Heap before GC invocations=202 (full 38):
 garbage-first heap   total reserved 1900544K, committed 73728K, used 63043K [0x000000008c000000, 0x0000000100000000)
  region size 1024K, 40 young (40960K), 1 survivors (1024K)
 Metaspace       used 41026K, committed 41728K, reserved 1114112K
  class space    used 4914K, committed 5184K, reserved 1048576K
}
Event: 4153.893 GC heap after
{Heap after GC invocations=203 (full 38):
 garbage-first heap   total reserved 1900544K, committed 73728K, used 23067K [0x000000008c000000, 0x0000000100000000)
  region size 1024K, 1 young (1024K), 1 survivors (1024K)
 Metaspace       used 41026K, committed 41728K, reserved 1114112K
  class space    used 4914K, committed 5184K, reserved 1048576K
}
Event: 4192.831 GC heap before
{Heap before GC invocations=203 (full 38):
 garbage-first heap   total reserved 1900544K, committed 73728K, used 63003K [0x000000008c000000, 0x0000000100000000)
  region size 1024K, 40 young (40960K), 1 survivors (1024K)
 Metaspace       used 41026K, committed 41728K, reserved 1114112K
  class space    used 4914K, committed 5184K, reserved 1048576K
}
Event: 4193.015 GC heap after
{Heap after GC invocations=204 (full 38):
 garbage-first heap   total reserved 1900544K, committed 73728K, used 22990K [0x000000008c000000, 0x0000000100000000)
  region size 1024K, 1 young (1024K), 1 survivors (1024K)
 Metaspace       used 41026K, committed 41728K, reserved 1114112K
  class space    used 4914K, committed 5184K, reserved 1048576K
}
Event: 4231.549 GC heap before
{Heap before GC invocations=204 (full 38):
 garbage-first heap   total reserved 1900544K, committed 73728K, used 62926K [0x000000008c000000, 0x0000000100000000)
  region size 1024K, 40 young (40960K), 1 survivors (1024K)
 Metaspace       used 41026K, committed 41728K, reserved 1114112K
  class space    used 4914K, committed 5184K, reserved 1048576K
}
Event: 4231.554 GC heap after
{Heap after GC invocations=205 (full 38):
 garbage-first heap   total reserved 1900544K, committed 73728K, used 23192K [0x000000008c000000, 0x0000000100000000)
  region size 1024K, 1 young (1024K), 1 survivors (1024K)
 Metaspace       used 41026K, committed 41728K, reserved 1114112K
  class space    used 4914K, committed 5184K, reserved 1048576K
}
Event: 4270.810 GC heap before
{Heap before GC invocations=205 (full 38):
 garbage-first heap   total reserved 1900544K, committed 73728K, used 63128K [0x000000008c000000, 0x0000000100000000)
  region size 1024K, 40 young (40960K), 1 survivors (1024K)
 Metaspace       used 41026K, committed 41728K, reserved 1114112K
  class space    used 4914K, committed 5184K, reserved 1048576K
}
Event: 4270.939 GC heap after
{Heap after GC invocations=206 (full 38):
 garbage-first heap   total reserved 1900544K, committed 73728K, used 23108K [0x000000008c000000, 0x0000000100000000)
  region size 1024K, 1 young (1024K), 1 survivors (1024K)
 Metaspace       used 41026K, committed 41728K, reserved 1114112K
  class space    used 4914K, committed 5184K, reserved 1048576K
}
Event: 4304.873 GC heap before
{Heap before GC invocations=206 (full 38):
 garbage-first heap   total reserved 1900544K, committed 73728K, used 57924K [0x000000008c000000, 0x0000000100000000)
  region size 1024K, 36 young (36864K), 1 survivors (1024K)
 Metaspace       used 41029K, committed 41728K, reserved 1114112K
  class space    used 4915K, committed 5184K, reserved 1048576K
}

