# JRE version: Java(TM) SE Runtime Environment (24.0.1+9) (build 24.0.1+9-30)
# Java VM: Java HotSpot(TM) 64-Bit Server VM (24.0.1+9-30, mixed mode, emulated-client, sharing, tiered, compressed oops, compressed class ptrs, g1 gc, windows-amd64)
GC Precious Log:
 CardTable entry size: 512
 Card Set container configuration: InlinePtr #cards 5 size 8 Array Of Cards #cards 10 size 36 Howl #buckets 4 coarsen threshold 1843 Howl Bitmap #cards 512 size 80 coarsen threshold 460 Card regions per heap region 1 cards per card region 2048
 CPUs: 16 total, 16 available
 Memory: 7416M
 Large Page Support: Disabled
 NUMA Support: Disabled
 Compressed Oops: Enabled (32-bit)
 Heap Region Size: 1M
 Heap Min Capacity: 8M
 Heap Initial Capacity: 116M
 Heap Max Capacity: 1856M
 Pre-touch: Disabled
 Parallel Workers: 13
 Concurrent Workers: 3
 Concurrent Refinement Workers: 13
 Periodic GC: Disabled
Heap:
 garbage-first heap   total reserved 1900544K, committed 66560K, used 44146K [0x000000008c000000, 0x0000000100000000)
  region size 1024K, 23 young (23552K), 1 survivors (1024K)
 Metaspace       used 42912K, committed 44672K, reserved 1114112K
  class space    used 5067K, committed 5632K, reserved 1048576K
GC Heap History (20 events):
Event: 5481.908 GC heap after
{Heap after GC invocations=192 (full 57):
 garbage-first heap   total reserved 1900544K, committed 65536K, used 26446K [0x000000008c000000, 0x0000000100000000)
  region size 1024K, 4 young (4096K), 4 survivors (4096K)
 Metaspace       used 43015K, committed 44736K, reserved 1114112K
  class space    used 5071K, committed 5632K, reserved 1048576K
}
Event: 5482.221 GC heap before
{Heap before GC invocations=192 (full 57):
 garbage-first heap   total reserved 1900544K, committed 65536K, used 54094K [0x000000008c000000, 0x0000000100000000)
  region size 1024K, 32 young (32768K), 4 survivors (4096K)
 Metaspace       used 43229K, committed 44736K, reserved 1114112K
  class space    used 5117K, committed 5632K, reserved 1048576K
}
Event: 5482.232 GC heap after
{Heap after GC invocations=193 (full 57):
 garbage-first heap   total reserved 1900544K, committed 66560K, used 27673K [0x000000008c000000, 0x0000000100000000)
  region size 1024K, 4 young (4096K), 4 survivors (4096K)
 Metaspace       used 43229K, committed 44736K, reserved 1114112K
  class space    used 5117K, committed 5632K, reserved 1048576K
}
Event: 5492.477 GC heap before
{Heap before GC invocations=193 (full 57):
 garbage-first heap   total reserved 1900544K, committed 66560K, used 56345K [0x000000008c000000, 0x0000000100000000)
  region size 1024K, 32 young (32768K), 4 survivors (4096K)
 Metaspace       used 43253K, committed 44736K, reserved 1114112K
  class space    used 5124K, committed 5632K, reserved 1048576K
}
Event: 5492.481 GC heap after
{Heap after GC invocations=194 (full 57):
 garbage-first heap   total reserved 1900544K, committed 66560K, used 28778K [0x000000008c000000, 0x0000000100000000)
  region size 1024K, 2 young (2048K), 2 survivors (2048K)
 Metaspace       used 43253K, committed 44736K, reserved 1114112K
  class space    used 5124K, committed 5632K, reserved 1048576K
}
Event: 5509.009 GC heap before
{Heap before GC invocations=195 (full 57):
 garbage-first heap   total reserved 1900544K, committed 66560K, used 58474K [0x000000008c000000, 0x0000000100000000)
  region size 1024K, 31 young (31744K), 2 survivors (2048K)
 Metaspace       used 43234K, committed 44736K, reserved 1114112K
  class space    used 5119K, committed 5632K, reserved 1048576K
}
Event: 5509.010 GC heap after
{Heap after GC invocations=196 (full 57):
 garbage-first heap   total reserved 1900544K, committed 66560K, used 28521K [0x000000008c000000, 0x0000000100000000)
  region size 1024K, 2 young (2048K), 2 survivors (2048K)
 Metaspace       used 43234K, committed 44736K, reserved 1114112K
  class space    used 5119K, committed 5632K, reserved 1048576K
}
Event: 5525.632 GC heap before
{Heap before GC invocations=196 (full 57):
 garbage-first heap   total reserved 1900544K, committed 66560K, used 58217K [0x000000008c000000, 0x0000000100000000)
  region size 1024K, 31 young (31744K), 2 survivors (2048K)
 Metaspace       used 43234K, committed 44736K, reserved 1114112K
  class space    used 5119K, committed 5632K, reserved 1048576K
}
Event: 5525.635 GC heap after
{Heap after GC invocations=197 (full 57):
 garbage-first heap   total reserved 1900544K, committed 66560K, used 25776K [0x000000008c000000, 0x0000000100000000)
  region size 1024K, 2 young (2048K), 2 survivors (2048K)
 Metaspace       used 43234K, committed 44736K, reserved 1114112K
  class space    used 5119K, committed 5632K, reserved 1048576K
}
Event: 5543.959 GC heap before
{Heap before GC invocations=197 (full 57):
 garbage-first heap   total reserved 1900544K, committed 66560K, used 58544K [0x000000008c000000, 0x0000000100000000)
  region size 1024K, 34 young (34816K), 2 survivors (2048K)
 Metaspace       used 43234K, committed 44736K, reserved 1114112K
  class space    used 5119K, committed 5632K, reserved 1048576K
}
Event: 5543.961 GC heap after
{Heap after GC invocations=198 (full 57):
 garbage-first heap   total reserved 1900544K, committed 66560K, used 25384K [0x000000008c000000, 0x0000000100000000)
  region size 1024K, 1 young (1024K), 1 survivors (1024K)
 Metaspace       used 43234K, committed 44736K, reserved 1114112K
  class space    used 5119K, committed 5632K, reserved 1048576K
}
Event: 5563.494 GC heap before
{Heap before GC invocations=199 (full 57):
 garbage-first heap   total reserved 1900544K, committed 66560K, used 60200K [0x000000008c000000, 0x0000000100000000)
  region size 1024K, 35 young (35840K), 1 survivors (1024K)
 Metaspace       used 42909K, committed 44672K, reserved 1114112K
  class space    used 5066K, committed 5632K, reserved 1048576K
}
Event: 5563.496 GC heap after
{Heap after GC invocations=200 (full 57):
 garbage-first heap   total reserved 1900544K, committed 66560K, used 25150K [0x000000008c000000, 0x0000000100000000)
  region size 1024K, 1 young (1024K), 1 survivors (1024K)
 Metaspace       used 42909K, committed 44672K, reserved 1114112K
  class space    used 5066K, committed 5632K, reserved 1048576K
}
Event: 5583.052 GC heap before
{Heap before GC invocations=200 (full 57):
 garbage-first heap   total reserved 1900544K, committed 66560K, used 59966K [0x000000008c000000, 0x0000000100000000)
  region size 1024K, 35 young (35840K), 1 survivors (1024K)
 Metaspace       used 42909K, committed 44672K, reserved 1114112K
  class space    used 5066K, committed 5632K, reserved 1048576K
}
Event: 5583.058 GC heap after
{Heap after GC invocations=201 (full 57):
 garbage-first heap   total reserved 1900544K, committed 66560K, used 22617K [0x000000008c000000, 0x0000000100000000)
  region size 1024K, 1 young (1024K), 1 survivors (1024K)
 Metaspace       used 42909K, committed 44672K, reserved 1114112K
  class space    used 5066K, committed 5632K, reserved 1048576K
}
Event: 5604.079 GC heap before
{Heap before GC invocations=201 (full 57):
 garbage-first heap   total reserved 1900544K, committed 66560K, used 60505K [0x000000008c000000, 0x0000000100000000)
  region size 1024K, 38 young (38912K), 1 survivors (1024K)
 Metaspace       used 42909K, committed 44672K, reserved 1114112K
  class space    used 5066K, committed 5632K, reserved 1048576K
}
Event: 5604.089 GC heap after
{Heap after GC invocations=202 (full 57):
 garbage-first heap   total reserved 1900544K, committed 66560K, used 22781K [0x000000008c000000, 0x0000000100000000)
  region size 1024K, 1 young (1024K), 1 survivors (1024K)
 Metaspace       used 42909K, committed 44672K, reserved 1114112K
  class space    used 5066K, committed 5632K, reserved 1048576K
}
Event: 5625.313 GC heap before
{Heap before GC invocations=203 (full 57):
 garbage-first heap   total reserved 1900544K, committed 66560K, used 60669K [0x000000008c000000, 0x0000000100000000)
  region size 1024K, 38 young (38912K), 1 survivors (1024K)
 Metaspace       used 42907K, committed 44672K, reserved 1114112K
  class space    used 5066K, committed 5632K, reserved 1048576K
}
Event: 5625.318 GC heap after
{Heap after GC invocations=204 (full 57):
 garbage-first heap   total reserved 1900544K, committed 66560K, used 22642K [0x000000008c000000, 0x0000000100000000)
  region size 1024K, 1 young (1024K), 1 survivors (1024K)
 Metaspace       used 42907K, committed 44672K, reserved 1114112K
  class space    used 5066K, committed 5632K, reserved 1048576K
}
Event: 5636.566 GC heap before
{Heap before GC invocations=204 (full 57):
 garbage-first heap   total reserved 1900544K, committed 66560K, used 44146K [0x000000008c000000, 0x0000000100000000)
  region size 1024K, 23 young (23552K), 1 survivors (1024K)
 Metaspace       used 42912K, committed 44672K, reserved 1114112K
  class space    used 5067K, committed 5632K, reserved 1048576K
}

