# JRE version: Java(TM) SE Runtime Environment (24.0.1+9) (build 24.0.1+9-30)
# Java VM: Java HotSpot(TM) 64-Bit Server VM (24.0.1+9-30, mixed mode, sharing, tiered, compressed oops, compressed class ptrs, g1 gc, windows-amd64)
GC Precious Log:
 CardTable entry size: 512
 Card Set container configuration: InlinePtr #cards 5 size 8 Array Of Cards #cards 10 size 36 Howl #buckets 4 coarsen threshold 1843 Howl Bitmap #cards 512 size 80 coarsen threshold 460 Card regions per heap region 1 cards per card region 2048
 CPUs: 16 total, 16 available
 Memory: 7416M
 Large Page Support: Disabled
 NUMA Support: Disabled
 Compressed Oops: Enabled (32-bit)
 Heap Region Size: 1M
 Heap Min Capacity: 128M
 Heap Initial Capacity: 128M
 Heap Max Capacity: 256M
 Pre-touch: Disabled
 Parallel Workers: 13
 Concurrent Workers: 3
 Concurrent Refinement Workers: 13
 Periodic GC: Disabled
Heap:
 garbage-first heap   total reserved 262144K, committed 131072K, used 54388K [0x00000000f0000000, 0x0000000100000000)
  region size 1024K, 38 young (38912K), 8 survivors (8192K)
 Metaspace       used 25709K, committed 26048K, reserved 1114112K
  class space    used 2490K, committed 2624K, reserved 1048576K
GC Heap History (8 events):
Event: 0.823 GC heap before
{Heap before GC invocations=0 (full 0):
 garbage-first heap   total reserved 262144K, committed 133120K, used 49268K [0x00000000f0000000, 0x0000000100000000)
  region size 1024K, 47 young (48128K), 0 survivors (0K)
 Metaspace       used 9085K, committed 9280K, reserved 1114112K
  class space    used 808K, committed 896K, reserved 1048576K
}
Event: 0.828 GC heap after
{Heap after GC invocations=1 (full 0):
 garbage-first heap   total reserved 262144K, committed 133120K, used 5652K [0x00000000f0000000, 0x0000000100000000)
  region size 1024K, 5 young (5120K), 5 survivors (5120K)
 Metaspace       used 9085K, committed 9280K, reserved 1114112K
  class space    used 808K, committed 896K, reserved 1048576K
}
Event: 1.653 GC heap before
{Heap before GC invocations=1 (full 0):
 garbage-first heap   total reserved 262144K, committed 133120K, used 61972K [0x00000000f0000000, 0x0000000100000000)
  region size 1024K, 60 young (61440K), 5 survivors (5120K)
 Metaspace       used 15800K, committed 16064K, reserved 1114112K
  class space    used 1539K, committed 1664K, reserved 1048576K
}
Event: 1.665 GC heap after
{Heap after GC invocations=2 (full 0):
 garbage-first heap   total reserved 262144K, committed 133120K, used 12152K [0x00000000f0000000, 0x0000000100000000)
  region size 1024K, 7 young (7168K), 7 survivors (7168K)
 Metaspace       used 15800K, committed 16064K, reserved 1114112K
  class space    used 1539K, committed 1664K, reserved 1048576K
}
Event: 2.452 GC heap before
{Heap before GC invocations=2 (full 0):
 garbage-first heap   total reserved 262144K, committed 133120K, used 74616K [0x00000000f0000000, 0x0000000100000000)
  region size 1024K, 68 young (69632K), 7 survivors (7168K)
 Metaspace       used 17541K, committed 17792K, reserved 1114112K
  class space    used 1673K, committed 1792K, reserved 1048576K
}
Event: 2.461 GC heap after
{Heap after GC invocations=3 (full 0):
 garbage-first heap   total reserved 262144K, committed 133120K, used 15476K [0x00000000f0000000, 0x0000000100000000)
  region size 1024K, 3 young (3072K), 3 survivors (3072K)
 Metaspace       used 17541K, committed 17792K, reserved 1114112K
  class space    used 1673K, committed 1792K, reserved 1048576K
}
Event: 2.895 GC heap before
{Heap before GC invocations=3 (full 0):
 garbage-first heap   total reserved 262144K, committed 133120K, used 48244K [0x00000000f0000000, 0x0000000100000000)
  region size 1024K, 31 young (31744K), 3 survivors (3072K)
 Metaspace       used 21233K, committed 21504K, reserved 1114112K
  class space    used 2039K, committed 2176K, reserved 1048576K
}
Event: 2.900 GC heap after
{Heap after GC invocations=4 (full 0):
 garbage-first heap   total reserved 262144K, committed 133120K, used 24692K [0x00000000f0000000, 0x0000000100000000)
  region size 1024K, 8 young (8192K), 8 survivors (8192K)
 Metaspace       used 21233K, committed 21504K, reserved 1114112K
  class space    used 2039K, committed 2176K, reserved 1048576K
}

